#
# There is insufficient memory for the Java Runtime Environment to continue.
# Native memory allocation (mmap) failed to map 90177536 bytes for Failed to commit area from 0x0000000715100000 to 0x000000071a700000 of length 90177536.
# Possible reasons:
#   The system is out of physical RAM or swap space
#   The process is running with CompressedOops enabled, and the Java Heap may be blocking the growth of the native heap
# Possible solutions:
#   Reduce memory load on the system
#   Increase physical memory or swap space
#   Check if swap backing store is full
#   Decrease Java heap size (-Xmx/-Xms)
#   Decrease number of Java threads
#   Decrease Java thread stack sizes (-Xss)
#   Set larger code cache with -XX:ReservedCodeCacheSize=
#   JVM is running with Zero Based Compressed Oops mode in which the Java heap is
#     placed in the first 32GB address space. The Java Heap base address is the
#     maximum limit for the native heap growth. Please use -XX:HeapBaseMinAddress
#     to set the Java Heap base and to place the Java Heap above 32GB virtual address.
# This output file may be truncated or incomplete.
#
#  Out of Memory Error (t:/workspace/open/src/hotspot/os/windows/os_windows.cpp:3269), pid=1528, tid=7904
#
# JRE version: Java(TM) SE Runtime Environment (11.0.1+13) (build 11.0.1+13-LTS)
# Java VM: Java HotSpot(TM) 64-Bit Server VM (11.0.1+13-LTS, mixed mode, tiered, compressed oops, g1 gc, windows-amd64)
# No core dump will be written. Minidumps are not enabled by default on client versions of Windows
#

---------------  S U M M A R Y ------------

Command Line: com.xamarin.androidx.jetifierWrapper.Main -intermediate obj\Debug\120\androidx\_AndroidXJetifyEmbeddedFiles.jetify -parallel

Host: Intel(R) Core(TM) i5-7200U CPU @ 2.50GHz, 4 cores, 15G,  Windows 10 , 64 bit Build 18362 (10.0.18362.329)
Time: Sat Jun  4 13:54:19 2022 SE Asia Standard Time elapsed time: 21 seconds (0d 0h 0m 21s)

---------------  T H R E A D  ---------------

Current thread (0x000002026cbe6000):  VMThread "VM Thread" [stack: 0x0000003511d00000,0x0000003511e00000] [id=7904]

Stack: [0x0000003511d00000,0x0000003511e00000]
[error occurred during error reporting (printing stack bounds), id 0xc0000005, EXCEPTION_ACCESS_VIOLATION (0xc0000005) at pc=0x0000020250fe0bad]

Native frames: (J=compiled Java code, j=interpreted, Vv=VM code, C=native code)
V  [jvm.dll+0x63c21a]
V  [jvm.dll+0x7797df]
V  [jvm.dll+0x77adca]
V  [jvm.dll+0x77b3e5]
V  [jvm.dll+0x77b39b]
V  [jvm.dll+0x63b916]
V  [jvm.dll+0x63bce8]
C  [ntdll.dll+0xa11ff]
C  [ntdll.dll+0x6a289]
C  [ntdll.dll+0x9fe6e]
C  0x0000020250fe0bad

VM_Operation (0x0000003512ffd560): G1CollectForAllocation, mode: safepoint, requested by thread 0x000002026d449800


---------------  P R O C E S S  ---------------

Threads class SMR info:
_java_thread_list=0x000002026d403aa0, length=21, elements={
0x000002024746e800, 0x000002026cc0e800, 0x000002026cc17800, 0x000002026cc82800,
0x000002026cc85000, 0x000002026cc2a000, 0x000002026cc2d800, 0x000002026ccee800,
0x000002026cde5000, 0x000002026cdee000, 0x000002026d38e000, 0x000002026d448000,
0x000002026d448800, 0x000002026d449800, 0x000002026d44a000, 0x000002026d624800,
0x000002026d625800, 0x000002026d41d800, 0x000002026d41e800, 0x000002026d501800,
0x000002026d468000
}

Java Threads: ( => current thread )
  0x000002024746e800 JavaThread "main" [_thread_blocked, id=17180, stack(0x0000003511700000,0x0000003511800000)]
  0x000002026cc0e800 JavaThread "Reference Handler" daemon [_thread_blocked, id=9160, stack(0x0000003511e00000,0x0000003511f00000)]
  0x000002026cc17800 JavaThread "Finalizer" daemon [_thread_blocked, id=13240, stack(0x0000003511f00000,0x0000003512000000)]
  0x000002026cc82800 JavaThread "Signal Dispatcher" daemon [_thread_blocked, id=5192, stack(0x0000003512000000,0x0000003512100000)]
  0x000002026cc85000 JavaThread "Attach Listener" daemon [_thread_blocked, id=11480, stack(0x0000003512100000,0x0000003512200000)]
  0x000002026cc2a000 JavaThread "C2 CompilerThread0" daemon [_thread_blocked, id=8696, stack(0x0000003512200000,0x0000003512300000)]
  0x000002026cc2d800 JavaThread "C1 CompilerThread0" daemon [_thread_blocked, id=17808, stack(0x0000003512300000,0x0000003512400000)]
  0x000002026ccee800 JavaThread "Sweeper thread" daemon [_thread_blocked, id=3424, stack(0x0000003512400000,0x0000003512500000)]
  0x000002026cde5000 JavaThread "Service Thread" daemon [_thread_blocked, id=11332, stack(0x0000003512500000,0x0000003512600000)]
  0x000002026cdee000 JavaThread "Common-Cleaner" daemon [_thread_blocked, id=10928, stack(0x0000003512700000,0x0000003512800000)]
  0x000002026d38e000 JavaThread "pool-1-thread-1" [_thread_blocked, id=4748, stack(0x0000003512c00000,0x0000003512d00000)]
  0x000002026d448000 JavaThread "pool-1-thread-2" [_thread_blocked, id=14368, stack(0x0000003512d00000,0x0000003512e00000)]
  0x000002026d448800 JavaThread "pool-1-thread-3" [_thread_blocked, id=17248, stack(0x0000003512e00000,0x0000003512f00000)]
  0x000002026d449800 JavaThread "pool-1-thread-4" [_thread_blocked, id=7616, stack(0x0000003512f00000,0x0000003513000000)]
  0x000002026d44a000 JavaThread "pool-1-thread-5" [_thread_blocked, id=16228, stack(0x0000003513000000,0x0000003513100000)]
  0x000002026d624800 JavaThread "pool-1-thread-6" [_thread_blocked, id=17236, stack(0x0000003513100000,0x0000003513200000)]
  0x000002026d625800 JavaThread "pool-1-thread-7" [_thread_blocked, id=4484, stack(0x0000003513200000,0x0000003513300000)]
  0x000002026d41d800 JavaThread "pool-1-thread-8" [_thread_blocked, id=4312, stack(0x0000003513300000,0x0000003513400000)]
  0x000002026d41e800 JavaThread "pool-1-thread-9" [_thread_blocked, id=19128, stack(0x0000003513400000,0x0000003513500000)]
  0x000002026d501800 JavaThread "pool-1-thread-10" [_thread_blocked, id=12172, stack(0x0000003513500000,0x0000003513600000)]
  0x000002026d468000 JavaThread "C2 CompilerThread1" daemon [_thread_blocked, id=16724, stack(0x0000003512800000,0x0000003512900000)]

Other Threads:
=>0x000002026cbe6000 VMThread "VM Thread" [stack: 0x0000003511d00000,0x0000003511e00000] [id=7904]
  0x000002026cdec800 WatcherThread [stack: 0x0000003512600000,0x0000003512700000] [id=6952]
  0x00000202474ab000 GCTaskThread "GC Thread#0" [stack: 0x0000003511800000,0x0000003511900000] [id=17300]
  0x000002026d247800 GCTaskThread "GC Thread#1" [stack: 0x0000003512900000,0x0000003512a00000] [id=6164]
  0x000002026d21a000 GCTaskThread "GC Thread#2" [stack: 0x0000003512a00000,0x0000003512b00000] [id=12032]
  0x000002026d21b000 GCTaskThread "GC Thread#3" [stack: 0x0000003512b00000,0x0000003512c00000] [id=16712]
  0x0000020247508000 ConcurrentGCThread "G1 Main Marker" [stack: 0x0000003511900000,0x0000003511a00000] [id=1344]
  0x000002024750a800 ConcurrentGCThread "G1 Conc#0" [stack: 0x0000003511a00000,0x0000003511b00000] [id=13004]
  0x000002026c243800 ConcurrentGCThread "G1 Refine#0" [stack: 0x0000003511b00000,0x0000003511c00000] [id=6464]
  0x000002026d314800 ConcurrentGCThread "G1 Refine#1" [stack: 0x0000003513600000,0x0000003513700000] [id=16400]
  0x000002026c244000 ConcurrentGCThread "G1 Young RemSet Sampling" [stack: 0x0000003511c00000,0x0000003511d00000] [id=16432]

Threads with active compile tasks:
C2 CompilerThread03009       4       java.util.HashMap::getNode (148 bytes)
C2 CompilerThread12925       4       org.objectweb.asm.commons.Remapper::mapDesc (131 bytes)

VM state:at safepoint (normal execution)

VM Mutex/Monitor currently owned by a thread:  ([mutex/lock_event])
[0x0000020247492e40] Threads_lock - owner thread: 0x000002026cbe6000
[0x0000020247492ff0] Heap_lock - owner thread: 0x000002026d449800

Heap address: 0x0000000702000000, size: 4064 MB, Compressed Oops mode: Zero based, Oop shift amount: 3
Narrow klass base: 0x0000000800000000, Narrow klass shift: 0
Compressed class space size: 1073741824 Address: 0x0000000800000000

Heap:
 garbage-first heap   total 400384K, used 102666K [0x0000000702000000, 0x0000000800000000)
  region size 1024K, 12 young (12288K), 12 survivors (12288K)
 Metaspace       used 14859K, capacity 15119K, committed 15488K, reserved 1062912K
  class space    used 1220K, capacity 1282K, committed 1408K, reserved 1048576K
Heap Regions: E=young(eden), S=young(survivor), O=old, HS=humongous(starts), HC=humongous(continues), CS=collection set, F=free, A=archive, TAMS=top-at-mark-start (previous, next)
|   0|0x0000000702000000, 0x0000000702000000, 0x0000000702100000|  0%| F|  |TAMS 0x0000000702000000, 0x0000000702000000| Untracked 
|   1|0x0000000702100000, 0x0000000702200000, 0x0000000702200000|100%| O|  |TAMS 0x0000000702100000, 0x0000000702100000| Untracked 
|   2|0x0000000702200000, 0x0000000702300000, 0x0000000702300000|100%| O|  |TAMS 0x0000000702200000, 0x0000000702200000| Untracked 
|   3|0x0000000702300000, 0x0000000702300000, 0x0000000702400000|  0%| F|  |TAMS 0x0000000702300000, 0x0000000702300000| Untracked 
|   4|0x0000000702400000, 0x0000000702500000, 0x0000000702500000|100%| O|  |TAMS 0x0000000702400000, 0x0000000702400000| Untracked 
|   5|0x0000000702500000, 0x0000000702600000, 0x0000000702600000|100%| O|  |TAMS 0x0000000702500000, 0x0000000702500000| Untracked 
|   6|0x0000000702600000, 0x0000000702700000, 0x0000000702700000|100%| O|  |TAMS 0x0000000702600000, 0x0000000702600000| Untracked 
|   7|0x0000000702700000, 0x0000000702800000, 0x0000000702800000|100%| O|  |TAMS 0x0000000702700000, 0x0000000702700000| Untracked 
|   8|0x0000000702800000, 0x0000000702900000, 0x0000000702900000|100%| O|  |TAMS 0x0000000702800000, 0x0000000702800000| Untracked 
|   9|0x0000000702900000, 0x0000000702a00000, 0x0000000702a00000|100%| O|  |TAMS 0x0000000702900000, 0x0000000702900000| Untracked 
|  10|0x0000000702a00000, 0x0000000702b00000, 0x0000000702b00000|100%| O|  |TAMS 0x0000000702a00000, 0x0000000702a00000| Untracked 
|  11|0x0000000702b00000, 0x0000000702c00000, 0x0000000702c00000|100%| O|  |TAMS 0x0000000702b00000, 0x0000000702b00000| Untracked 
|  12|0x0000000702c00000, 0x0000000702d00000, 0x0000000702d00000|100%| O|  |TAMS 0x0000000702c00000, 0x0000000702c00000| Untracked 
|  13|0x0000000702d00000, 0x0000000702e00000, 0x0000000702e00000|100%| O|  |TAMS 0x0000000702d00000, 0x0000000702d00000| Untracked 
|  14|0x0000000702e00000, 0x0000000702f00000, 0x0000000702f00000|100%| O|  |TAMS 0x0000000702e00000, 0x0000000702e00000| Untracked 
|  15|0x0000000702f00000, 0x0000000703000000, 0x0000000703000000|100%| O|  |TAMS 0x0000000702f00000, 0x0000000702f00000| Untracked 
|  16|0x0000000703000000, 0x0000000703100000, 0x0000000703100000|100%| O|  |TAMS 0x0000000703000000, 0x0000000703000000| Untracked 
|  17|0x0000000703100000, 0x0000000703200000, 0x0000000703200000|100%| O|  |TAMS 0x0000000703100000, 0x0000000703100000| Untracked 
|  18|0x0000000703200000, 0x0000000703300000, 0x0000000703300000|100%| O|  |TAMS 0x0000000703200000, 0x0000000703200000| Untracked 
|  19|0x0000000703300000, 0x0000000703400000, 0x0000000703400000|100%| O|  |TAMS 0x0000000703300000, 0x0000000703300000| Untracked 
|  20|0x0000000703400000, 0x0000000703500000, 0x0000000703500000|100%| O|  |TAMS 0x0000000703400000, 0x0000000703400000| Untracked 
|  21|0x0000000703500000, 0x0000000703600000, 0x0000000703600000|100%| O|  |TAMS 0x0000000703500000, 0x0000000703500000| Untracked 
|  22|0x0000000703600000, 0x0000000703700000, 0x0000000703700000|100%| O|  |TAMS 0x0000000703600000, 0x0000000703600000| Untracked 
|  23|0x0000000703700000, 0x0000000703800000, 0x0000000703800000|100%| O|  |TAMS 0x0000000703700000, 0x0000000703700000| Untracked 
|  24|0x0000000703800000, 0x0000000703900000, 0x0000000703900000|100%| O|  |TAMS 0x0000000703800000, 0x0000000703800000| Untracked 
|  25|0x0000000703900000, 0x0000000703a00000, 0x0000000703a00000|100%| O|  |TAMS 0x0000000703900000, 0x0000000703900000| Untracked 
|  26|0x0000000703a00000, 0x0000000703b00000, 0x0000000703b00000|100%| O|  |TAMS 0x0000000703a00000, 0x0000000703a00000| Untracked 
|  27|0x0000000703b00000, 0x0000000703b00000, 0x0000000703c00000|  0%| F|  |TAMS 0x0000000703b00000, 0x0000000703b00000| Untracked 
|  28|0x0000000703c00000, 0x0000000703d00000, 0x0000000703d00000|100%| O|  |TAMS 0x0000000703c00000, 0x0000000703c00000| Untracked 
|  29|0x0000000703d00000, 0x0000000703e00000, 0x0000000703e00000|100%| O|  |TAMS 0x0000000703d00000, 0x0000000703d00000| Untracked 
|  30|0x0000000703e00000, 0x0000000703f00000, 0x0000000703f00000|100%| O|  |TAMS 0x0000000703e00000, 0x0000000703e00000| Untracked 
|  31|0x0000000703f00000, 0x0000000704000000, 0x0000000704000000|100%| O|  |TAMS 0x0000000703f00000, 0x0000000703f00000| Untracked 
|  32|0x0000000704000000, 0x0000000704100000, 0x0000000704100000|100%| O|  |TAMS 0x0000000704000000, 0x0000000704000000| Untracked 
|  33|0x0000000704100000, 0x0000000704200000, 0x0000000704200000|100%| O|  |TAMS 0x0000000704100000, 0x0000000704100000| Untracked 
|  34|0x0000000704200000, 0x0000000704300000, 0x0000000704300000|100%| O|  |TAMS 0x0000000704200000, 0x0000000704200000| Untracked 
|  35|0x0000000704300000, 0x0000000704400000, 0x0000000704400000|100%| O|  |TAMS 0x0000000704300000, 0x0000000704300000| Untracked 
|  36|0x0000000704400000, 0x0000000704500000, 0x0000000704500000|100%| O|  |TAMS 0x0000000704400000, 0x0000000704400000| Untracked 
|  37|0x0000000704500000, 0x0000000704600000, 0x0000000704600000|100%| O|  |TAMS 0x0000000704500000, 0x0000000704500000| Untracked 
|  38|0x0000000704600000, 0x0000000704700000, 0x0000000704700000|100%| O|  |TAMS 0x0000000704600000, 0x0000000704600000| Untracked 
|  39|0x0000000704700000, 0x0000000704800000, 0x0000000704800000|100%| O|  |TAMS 0x0000000704700000, 0x0000000704700000| Untracked 
|  40|0x0000000704800000, 0x0000000704900000, 0x0000000704900000|100%| O|  |TAMS 0x0000000704800000, 0x0000000704800000| Untracked 
|  41|0x0000000704900000, 0x0000000704a00000, 0x0000000704a00000|100%| O|  |TAMS 0x0000000704900000, 0x0000000704900000| Untracked 
|  42|0x0000000704a00000, 0x0000000704b00000, 0x0000000704b00000|100%| O|  |TAMS 0x0000000704a00000, 0x0000000704a00000| Untracked 
|  43|0x0000000704b00000, 0x0000000704c00000, 0x0000000704c00000|100%| O|  |TAMS 0x0000000704b00000, 0x0000000704b00000| Untracked 
|  44|0x0000000704c00000, 0x0000000704d00000, 0x0000000704d00000|100%| O|  |TAMS 0x0000000704c00000, 0x0000000704c00000| Untracked 
|  45|0x0000000704d00000, 0x0000000704e00000, 0x0000000704e00000|100%| O|  |TAMS 0x0000000704d00000, 0x0000000704d00000| Untracked 
|  46|0x0000000704e00000, 0x0000000704f00000, 0x0000000704f00000|100%| O|  |TAMS 0x0000000704e00000, 0x0000000704e00000| Untracked 
|  47|0x0000000704f00000, 0x0000000705000000, 0x0000000705000000|100%| O|  |TAMS 0x0000000704f00000, 0x0000000704f00000| Untracked 
|  48|0x0000000705000000, 0x0000000705100000, 0x0000000705100000|100%| O|  |TAMS 0x0000000705000000, 0x0000000705000000| Untracked 
|  49|0x0000000705100000, 0x0000000705200000, 0x0000000705200000|100%| O|  |TAMS 0x0000000705100000, 0x0000000705100000| Untracked 
|  50|0x0000000705200000, 0x0000000705300000, 0x0000000705300000|100%| O|  |TAMS 0x0000000705200000, 0x0000000705200000| Untracked 
|  51|0x0000000705300000, 0x0000000705400000, 0x0000000705400000|100%| O|  |TAMS 0x0000000705300000, 0x0000000705300000| Untracked 
|  52|0x0000000705400000, 0x0000000705500000, 0x0000000705500000|100%| O|  |TAMS 0x0000000705400000, 0x0000000705400000| Untracked 
|  53|0x0000000705500000, 0x0000000705600000, 0x0000000705600000|100%| O|  |TAMS 0x0000000705500000, 0x0000000705500000| Untracked 
|  54|0x0000000705600000, 0x0000000705700000, 0x0000000705700000|100%| O|  |TAMS 0x0000000705600000, 0x0000000705600000| Untracked 
|  55|0x0000000705700000, 0x0000000705800000, 0x0000000705800000|100%| O|  |TAMS 0x0000000705700000, 0x0000000705700000| Untracked 
|  56|0x0000000705800000, 0x0000000705900000, 0x0000000705900000|100%| O|  |TAMS 0x0000000705800000, 0x0000000705800000| Untracked 
|  57|0x0000000705900000, 0x0000000705a00000, 0x0000000705a00000|100%| O|  |TAMS 0x0000000705900000, 0x0000000705900000| Untracked 
|  58|0x0000000705a00000, 0x0000000705b00000, 0x0000000705b00000|100%| O|  |TAMS 0x0000000705a00000, 0x0000000705a00000| Untracked 
|  59|0x0000000705b00000, 0x0000000705c00000, 0x0000000705c00000|100%| O|  |TAMS 0x0000000705b00000, 0x0000000705b00000| Untracked 
|  60|0x0000000705c00000, 0x0000000705d00000, 0x0000000705d00000|100%| O|  |TAMS 0x0000000705c00000, 0x0000000705c00000| Untracked 
|  61|0x0000000705d00000, 0x0000000705e00000, 0x0000000705e00000|100%| O|  |TAMS 0x0000000705d00000, 0x0000000705d00000| Untracked 
|  62|0x0000000705e00000, 0x0000000705f00000, 0x0000000705f00000|100%| O|  |TAMS 0x0000000705e00000, 0x0000000705e00000| Untracked 
|  63|0x0000000705f00000, 0x0000000706000000, 0x0000000706000000|100%| O|  |TAMS 0x0000000705f00000, 0x0000000705f00000| Untracked 
|  64|0x0000000706000000, 0x0000000706100000, 0x0000000706100000|100%| O|  |TAMS 0x0000000706000000, 0x0000000706000000| Untracked 
|  65|0x0000000706100000, 0x0000000706200000, 0x0000000706200000|100%| O|  |TAMS 0x0000000706100000, 0x0000000706100000| Untracked 
|  66|0x0000000706200000, 0x0000000706300000, 0x0000000706300000|100%| O|  |TAMS 0x0000000706200000, 0x0000000706200000| Untracked 
|  67|0x0000000706300000, 0x0000000706400000, 0x0000000706400000|100%| O|  |TAMS 0x0000000706300000, 0x0000000706300000| Untracked 
|  68|0x0000000706400000, 0x0000000706500000, 0x0000000706500000|100%| O|  |TAMS 0x0000000706400000, 0x0000000706400000| Untracked 
|  69|0x0000000706500000, 0x0000000706600000, 0x0000000706600000|100%| O|  |TAMS 0x0000000706500000, 0x0000000706500000| Untracked 
|  70|0x0000000706600000, 0x0000000706600000, 0x0000000706700000|  0%| F|  |TAMS 0x0000000706600000, 0x0000000706600000| Untracked 
|  71|0x0000000706700000, 0x0000000706700000, 0x0000000706800000|  0%| F|  |TAMS 0x0000000706700000, 0x0000000706700000| Untracked 
|  72|0x0000000706800000, 0x0000000706800000, 0x0000000706900000|  0%| F|  |TAMS 0x0000000706800000, 0x0000000706800000| Untracked 
|  73|0x0000000706900000, 0x0000000706a00000, 0x0000000706a00000|100%|HS|  |TAMS 0x0000000706900000, 0x0000000706900000| Complete 
|  74|0x0000000706a00000, 0x0000000706a00000, 0x0000000706b00000|  0%| F|  |TAMS 0x0000000706a00000, 0x0000000706a00000| Untracked 
|  75|0x0000000706b00000, 0x0000000706c00000, 0x0000000706c00000|100%| O|  |TAMS 0x0000000706b00000, 0x0000000706b00000| Untracked 
|  76|0x0000000706c00000, 0x0000000706d00000, 0x0000000706d00000|100%| O|  |TAMS 0x0000000706c00000, 0x0000000706c00000| Untracked 
|  77|0x0000000706d00000, 0x0000000706e00000, 0x0000000706e00000|100%| O|  |TAMS 0x0000000706d00000, 0x0000000706d00000| Untracked 
|  78|0x0000000706e00000, 0x0000000706f00000, 0x0000000706f00000|100%| O|  |TAMS 0x0000000706e00000, 0x0000000706e00000| Untracked 
|  79|0x0000000706f00000, 0x0000000707000000, 0x0000000707000000|100%| O|  |TAMS 0x0000000706f00000, 0x0000000706f00000| Untracked 
|  80|0x0000000707000000, 0x0000000707100000, 0x0000000707100000|100%| O|  |TAMS 0x0000000707000000, 0x0000000707000000| Untracked 
|  81|0x0000000707100000, 0x0000000707200000, 0x0000000707200000|100%| O|  |TAMS 0x0000000707100000, 0x0000000707100000| Untracked 
|  82|0x0000000707200000, 0x0000000707300000, 0x0000000707300000|100%| O|  |TAMS 0x0000000707200000, 0x0000000707200000| Untracked 
|  83|0x0000000707300000, 0x0000000707400000, 0x0000000707400000|100%| O|  |TAMS 0x0000000707300000, 0x0000000707300000| Untracked 
|  84|0x0000000707400000, 0x0000000707500000, 0x0000000707500000|100%| O|  |TAMS 0x0000000707400000, 0x0000000707400000| Untracked 
|  85|0x0000000707500000, 0x0000000707600000, 0x0000000707600000|100%| O|  |TAMS 0x0000000707500000, 0x0000000707500000| Untracked 
|  86|0x0000000707600000, 0x0000000707700000, 0x0000000707700000|100%| O|  |TAMS 0x0000000707600000, 0x0000000707600000| Untracked 
|  87|0x0000000707700000, 0x0000000707800000, 0x0000000707800000|100%| O|  |TAMS 0x0000000707700000, 0x0000000707700000| Untracked 
|  88|0x0000000707800000, 0x0000000707900000, 0x0000000707900000|100%| O|  |TAMS 0x0000000707800000, 0x0000000707800000| Untracked 
|  89|0x0000000707900000, 0x0000000707a00000, 0x0000000707a00000|100%| O|  |TAMS 0x0000000707900000, 0x0000000707900000| Untracked 
|  90|0x0000000707a00000, 0x0000000707b00000, 0x0000000707b00000|100%| O|  |TAMS 0x0000000707a00000, 0x0000000707a00000| Untracked 
|  91|0x0000000707b00000, 0x0000000707c00000, 0x0000000707c00000|100%| O|  |TAMS 0x0000000707b00000, 0x0000000707b00000| Untracked 
|  92|0x0000000707c00000, 0x0000000707d00000, 0x0000000707d00000|100%| O|  |TAMS 0x0000000707c00000, 0x0000000707c00000| Untracked 
|  93|0x0000000707d00000, 0x0000000707e00000, 0x0000000707e00000|100%| O|  |TAMS 0x0000000707d00000, 0x0000000707d00000| Untracked 
|  94|0x0000000707e00000, 0x0000000707f00000, 0x0000000707f00000|100%| O|  |TAMS 0x0000000707e00000, 0x0000000707e00000| Untracked 
|  95|0x0000000707f00000, 0x0000000707fc2a00, 0x0000000708000000| 76%| O|  |TAMS 0x0000000707f00000, 0x0000000707f00000| Untracked 
|  96|0x0000000708000000, 0x0000000708000000, 0x0000000708100000|  0%| F|  |TAMS 0x0000000708000000, 0x0000000708000000| Untracked 
|  97|0x0000000708100000, 0x0000000708100000, 0x0000000708200000|  0%| F|  |TAMS 0x0000000708100000, 0x0000000708100000| Untracked 
|  98|0x0000000708200000, 0x0000000708200000, 0x0000000708300000|  0%| F|  |TAMS 0x0000000708200000, 0x0000000708200000| Untracked 
|  99|0x0000000708300000, 0x0000000708300000, 0x0000000708400000|  0%| F|  |TAMS 0x0000000708300000, 0x0000000708300000| Untracked 
| 100|0x0000000708400000, 0x0000000708400000, 0x0000000708500000|  0%| F|  |TAMS 0x0000000708400000, 0x0000000708400000| Untracked 
| 101|0x0000000708500000, 0x0000000708500000, 0x0000000708600000|  0%| F|  |TAMS 0x0000000708500000, 0x0000000708500000| Untracked 
| 102|0x0000000708600000, 0x0000000708600000, 0x0000000708700000|  0%| F|  |TAMS 0x0000000708600000, 0x0000000708600000| Untracked 
| 103|0x0000000708700000, 0x0000000708700000, 0x0000000708800000|  0%| F|  |TAMS 0x0000000708700000, 0x0000000708700000| Untracked 
| 104|0x0000000708800000, 0x0000000708800000, 0x0000000708900000|  0%| F|  |TAMS 0x0000000708800000, 0x0000000708800000| Untracked 
| 105|0x0000000708900000, 0x0000000708900000, 0x0000000708a00000|  0%| F|  |TAMS 0x0000000708900000, 0x0000000708900000| Untracked 
| 106|0x0000000708a00000, 0x0000000708a00000, 0x0000000708b00000|  0%| F|  |TAMS 0x0000000708a00000, 0x0000000708a00000| Untracked 
| 107|0x0000000708b00000, 0x0000000708b00000, 0x0000000708c00000|  0%| F|  |TAMS 0x0000000708b00000, 0x0000000708b00000| Untracked 
| 108|0x0000000708c00000, 0x0000000708c00000, 0x0000000708d00000|  0%| F|  |TAMS 0x0000000708c00000, 0x0000000708c00000| Untracked 
| 109|0x0000000708d00000, 0x0000000708d00000, 0x0000000708e00000|  0%| F|  |TAMS 0x0000000708d00000, 0x0000000708d00000| Untracked 
| 110|0x0000000708e00000, 0x0000000708e00000, 0x0000000708f00000|  0%| F|  |TAMS 0x0000000708e00000, 0x0000000708e00000| Untracked 
| 111|0x0000000708f00000, 0x0000000708f00000, 0x0000000709000000|  0%| F|  |TAMS 0x0000000708f00000, 0x0000000708f00000| Untracked 
| 112|0x0000000709000000, 0x0000000709000000, 0x0000000709100000|  0%| F|  |TAMS 0x0000000709000000, 0x0000000709000000| Untracked 
| 113|0x0000000709100000, 0x0000000709100000, 0x0000000709200000|  0%| F|  |TAMS 0x0000000709100000, 0x0000000709100000| Untracked 
| 114|0x0000000709200000, 0x0000000709200000, 0x0000000709300000|  0%| F|  |TAMS 0x0000000709200000, 0x0000000709200000| Untracked 
| 115|0x0000000709300000, 0x0000000709300000, 0x0000000709400000|  0%| F|  |TAMS 0x0000000709300000, 0x0000000709300000| Untracked 
| 116|0x0000000709400000, 0x0000000709400000, 0x0000000709500000|  0%| F|  |TAMS 0x0000000709400000, 0x0000000709400000| Untracked 
| 117|0x0000000709500000, 0x0000000709500000, 0x0000000709600000|  0%| F|  |TAMS 0x0000000709500000, 0x0000000709500000| Untracked 
| 118|0x0000000709600000, 0x0000000709600000, 0x0000000709700000|  0%| F|  |TAMS 0x0000000709600000, 0x0000000709600000| Untracked 
| 119|0x0000000709700000, 0x0000000709700000, 0x0000000709800000|  0%| F|  |TAMS 0x0000000709700000, 0x0000000709700000| Untracked 
| 120|0x0000000709800000, 0x0000000709800000, 0x0000000709900000|  0%| F|  |TAMS 0x0000000709800000, 0x0000000709800000| Untracked 
| 121|0x0000000709900000, 0x0000000709900000, 0x0000000709a00000|  0%| F|  |TAMS 0x0000000709900000, 0x0000000709900000| Untracked 
| 122|0x0000000709a00000, 0x0000000709a00000, 0x0000000709b00000|  0%| F|  |TAMS 0x0000000709a00000, 0x0000000709a00000| Untracked 
| 123|0x0000000709b00000, 0x0000000709b00000, 0x0000000709c00000|  0%| F|  |TAMS 0x0000000709b00000, 0x0000000709b00000| Untracked 
| 124|0x0000000709c00000, 0x0000000709c00000, 0x0000000709d00000|  0%| F|  |TAMS 0x0000000709c00000, 0x0000000709c00000| Untracked 
| 125|0x0000000709d00000, 0x0000000709d00000, 0x0000000709e00000|  0%| F|  |TAMS 0x0000000709d00000, 0x0000000709d00000| Untracked 
| 126|0x0000000709e00000, 0x0000000709e00000, 0x0000000709f00000|  0%| F|  |TAMS 0x0000000709e00000, 0x0000000709e00000| Untracked 
| 127|0x0000000709f00000, 0x0000000709f00000, 0x000000070a000000|  0%| F|  |TAMS 0x0000000709f00000, 0x0000000709f00000| Untracked 
| 128|0x000000070a000000, 0x000000070a000000, 0x000000070a100000|  0%| F|  |TAMS 0x000000070a000000, 0x000000070a000000| Untracked 
| 129|0x000000070a100000, 0x000000070a100000, 0x000000070a200000|  0%| F|  |TAMS 0x000000070a100000, 0x000000070a100000| Untracked 
| 130|0x000000070a200000, 0x000000070a200000, 0x000000070a300000|  0%| F|  |TAMS 0x000000070a200000, 0x000000070a200000| Untracked 
| 131|0x000000070a300000, 0x000000070a300000, 0x000000070a400000|  0%| F|  |TAMS 0x000000070a300000, 0x000000070a300000| Untracked 
| 132|0x000000070a400000, 0x000000070a400000, 0x000000070a500000|  0%| F|  |TAMS 0x000000070a400000, 0x000000070a400000| Untracked 
| 133|0x000000070a500000, 0x000000070a500000, 0x000000070a600000|  0%| F|  |TAMS 0x000000070a500000, 0x000000070a500000| Untracked 
| 134|0x000000070a600000, 0x000000070a600000, 0x000000070a700000|  0%| F|  |TAMS 0x000000070a600000, 0x000000070a600000| Untracked 
| 135|0x000000070a700000, 0x000000070a700000, 0x000000070a800000|  0%| F|  |TAMS 0x000000070a700000, 0x000000070a700000| Untracked 
| 136|0x000000070a800000, 0x000000070a800000, 0x000000070a900000|  0%| F|  |TAMS 0x000000070a800000, 0x000000070a800000| Untracked 
| 137|0x000000070a900000, 0x000000070a900000, 0x000000070aa00000|  0%| F|  |TAMS 0x000000070a900000, 0x000000070a900000| Untracked 
| 138|0x000000070aa00000, 0x000000070aa00000, 0x000000070ab00000|  0%| F|  |TAMS 0x000000070aa00000, 0x000000070aa00000| Untracked 
| 139|0x000000070ab00000, 0x000000070ab00000, 0x000000070ac00000|  0%| F|  |TAMS 0x000000070ab00000, 0x000000070ab00000| Untracked 
| 140|0x000000070ac00000, 0x000000070ac00000, 0x000000070ad00000|  0%| F|  |TAMS 0x000000070ac00000, 0x000000070ac00000| Untracked 
| 141|0x000000070ad00000, 0x000000070ad00000, 0x000000070ae00000|  0%| F|  |TAMS 0x000000070ad00000, 0x000000070ad00000| Untracked 
| 142|0x000000070ae00000, 0x000000070ae00000, 0x000000070af00000|  0%| F|  |TAMS 0x000000070ae00000, 0x000000070ae00000| Untracked 
| 143|0x000000070af00000, 0x000000070af80000, 0x000000070b000000| 50%| S|CS|TAMS 0x000000070af00000, 0x000000070af00000| Complete 
| 144|0x000000070b000000, 0x000000070b100000, 0x000000070b100000|100%| S|CS|TAMS 0x000000070b000000, 0x000000070b000000| Complete 
| 145|0x000000070b100000, 0x000000070b200000, 0x000000070b200000|100%| S|CS|TAMS 0x000000070b100000, 0x000000070b100000| Complete 
| 146|0x000000070b200000, 0x000000070b300000, 0x000000070b300000|100%| S|CS|TAMS 0x000000070b200000, 0x000000070b200000| Complete 
| 147|0x000000070b300000, 0x000000070b400000, 0x000000070b400000|100%| S|CS|TAMS 0x000000070b300000, 0x000000070b300000| Complete 
| 148|0x000000070b400000, 0x000000070b500000, 0x000000070b500000|100%| S|CS|TAMS 0x000000070b400000, 0x000000070b400000| Complete 
| 149|0x000000070b500000, 0x000000070b600000, 0x000000070b600000|100%| S|CS|TAMS 0x000000070b500000, 0x000000070b500000| Complete 
| 150|0x000000070b600000, 0x000000070b700000, 0x000000070b700000|100%| S|CS|TAMS 0x000000070b600000, 0x000000070b600000| Complete 
| 151|0x000000070b700000, 0x000000070b800000, 0x000000070b800000|100%| S|CS|TAMS 0x000000070b700000, 0x000000070b700000| Complete 
| 152|0x000000070b800000, 0x000000070b900000, 0x000000070b900000|100%| S|CS|TAMS 0x000000070b800000, 0x000000070b800000| Complete 
| 153|0x000000070b900000, 0x000000070ba00000, 0x000000070ba00000|100%| S|CS|TAMS 0x000000070b900000, 0x000000070b900000| Complete 
| 154|0x000000070ba00000, 0x000000070bb00000, 0x000000070bb00000|100%| S|CS|TAMS 0x000000070ba00000, 0x000000070ba00000| Complete 
| 155|0x000000070bb00000, 0x000000070bb00000, 0x000000070bc00000|  0%| F|  |TAMS 0x000000070bb00000, 0x000000070bb00000| Untracked 
| 156|0x000000070bc00000, 0x000000070bc00000, 0x000000070bd00000|  0%| F|  |TAMS 0x000000070bc00000, 0x000000070bc00000| Untracked 
| 157|0x000000070bd00000, 0x000000070bd00000, 0x000000070be00000|  0%| F|  |TAMS 0x000000070bd00000, 0x000000070bd00000| Untracked 
| 158|0x000000070be00000, 0x000000070be00000, 0x000000070bf00000|  0%| F|  |TAMS 0x000000070be00000, 0x000000070be00000| Untracked 
| 159|0x000000070bf00000, 0x000000070bf00000, 0x000000070c000000|  0%| F|  |TAMS 0x000000070bf00000, 0x000000070bf00000| Untracked 
| 160|0x000000070c000000, 0x000000070c000000, 0x000000070c100000|  0%| F|  |TAMS 0x000000070c000000, 0x000000070c000000| Untracked 
| 161|0x000000070c100000, 0x000000070c100000, 0x000000070c200000|  0%| F|  |TAMS 0x000000070c100000, 0x000000070c100000| Untracked 
| 162|0x000000070c200000, 0x000000070c200000, 0x000000070c300000|  0%| F|  |TAMS 0x000000070c200000, 0x000000070c200000| Untracked 
| 163|0x000000070c300000, 0x000000070c300000, 0x000000070c400000|  0%| F|  |TAMS 0x000000070c300000, 0x000000070c300000| Untracked 
| 164|0x000000070c400000, 0x000000070c400000, 0x000000070c500000|  0%| F|  |TAMS 0x000000070c400000, 0x000000070c400000| Untracked 
| 165|0x000000070c500000, 0x000000070c500000, 0x000000070c600000|  0%| F|  |TAMS 0x000000070c500000, 0x000000070c500000| Untracked 
| 166|0x000000070c600000, 0x000000070c600000, 0x000000070c700000|  0%| F|  |TAMS 0x000000070c600000, 0x000000070c600000| Untracked 
| 167|0x000000070c700000, 0x000000070c700000, 0x000000070c800000|  0%| F|  |TAMS 0x000000070c700000, 0x000000070c700000| Untracked 
| 168|0x000000070c800000, 0x000000070c800000, 0x000000070c900000|  0%| F|  |TAMS 0x000000070c800000, 0x000000070c800000| Untracked 
| 169|0x000000070c900000, 0x000000070c900000, 0x000000070ca00000|  0%| F|  |TAMS 0x000000070c900000, 0x000000070c900000| Untracked 
| 170|0x000000070ca00000, 0x000000070ca00000, 0x000000070cb00000|  0%| F|  |TAMS 0x000000070ca00000, 0x000000070ca00000| Untracked 
| 171|0x000000070cb00000, 0x000000070cb00000, 0x000000070cc00000|  0%| F|  |TAMS 0x000000070cb00000, 0x000000070cb00000| Untracked 
| 172|0x000000070cc00000, 0x000000070cc00000, 0x000000070cd00000|  0%| F|  |TAMS 0x000000070cc00000, 0x000000070cc00000| Untracked 
| 173|0x000000070cd00000, 0x000000070cd00000, 0x000000070ce00000|  0%| F|  |TAMS 0x000000070cd00000, 0x000000070cd00000| Untracked 
| 174|0x000000070ce00000, 0x000000070ce00000, 0x000000070cf00000|  0%| F|  |TAMS 0x000000070ce00000, 0x000000070ce00000| Untracked 
| 175|0x000000070cf00000, 0x000000070cf00000, 0x000000070d000000|  0%| F|  |TAMS 0x000000070cf00000, 0x000000070cf00000| Untracked 
| 176|0x000000070d000000, 0x000000070d000000, 0x000000070d100000|  0%| F|  |TAMS 0x000000070d000000, 0x000000070d000000| Untracked 
| 177|0x000000070d100000, 0x000000070d100000, 0x000000070d200000|  0%| F|  |TAMS 0x000000070d100000, 0x000000070d100000| Untracked 
| 178|0x000000070d200000, 0x000000070d200000, 0x000000070d300000|  0%| F|  |TAMS 0x000000070d200000, 0x000000070d200000| Untracked 
| 179|0x000000070d300000, 0x000000070d300000, 0x000000070d400000|  0%| F|  |TAMS 0x000000070d300000, 0x000000070d300000| Untracked 
| 180|0x000000070d400000, 0x000000070d400000, 0x000000070d500000|  0%| F|  |TAMS 0x000000070d400000, 0x000000070d400000| Untracked 
| 181|0x000000070d500000, 0x000000070d500000, 0x000000070d600000|  0%| F|  |TAMS 0x000000070d500000, 0x000000070d500000| Untracked 
| 182|0x000000070d600000, 0x000000070d600000, 0x000000070d700000|  0%| F|  |TAMS 0x000000070d600000, 0x000000070d600000| Untracked 
| 183|0x000000070d700000, 0x000000070d700000, 0x000000070d800000|  0%| F|  |TAMS 0x000000070d700000, 0x000000070d700000| Untracked 
| 184|0x000000070d800000, 0x000000070d800000, 0x000000070d900000|  0%| F|  |TAMS 0x000000070d800000, 0x000000070d800000| Untracked 
| 185|0x000000070d900000, 0x000000070d900000, 0x000000070da00000|  0%| F|  |TAMS 0x000000070d900000, 0x000000070d900000| Untracked 
| 186|0x000000070da00000, 0x000000070da00000, 0x000000070db00000|  0%| F|  |TAMS 0x000000070da00000, 0x000000070da00000| Untracked 
| 187|0x000000070db00000, 0x000000070db00000, 0x000000070dc00000|  0%| F|  |TAMS 0x000000070db00000, 0x000000070db00000| Untracked 
| 188|0x000000070dc00000, 0x000000070dc00000, 0x000000070dd00000|  0%| F|  |TAMS 0x000000070dc00000, 0x000000070dc00000| Untracked 
| 189|0x000000070dd00000, 0x000000070dd00000, 0x000000070de00000|  0%| F|  |TAMS 0x000000070dd00000, 0x000000070dd00000| Untracked 
| 190|0x000000070de00000, 0x000000070de00000, 0x000000070df00000|  0%| F|  |TAMS 0x000000070de00000, 0x000000070de00000| Untracked 
| 191|0x000000070df00000, 0x000000070df00000, 0x000000070e000000|  0%| F|  |TAMS 0x000000070df00000, 0x000000070df00000| Untracked 
| 192|0x000000070e000000, 0x000000070e000000, 0x000000070e100000|  0%| F|  |TAMS 0x000000070e000000, 0x000000070e000000| Untracked 
| 193|0x000000070e100000, 0x000000070e100000, 0x000000070e200000|  0%| F|  |TAMS 0x000000070e100000, 0x000000070e100000| Untracked 
| 194|0x000000070e200000, 0x000000070e200000, 0x000000070e300000|  0%| F|  |TAMS 0x000000070e200000, 0x000000070e200000| Untracked 
| 195|0x000000070e300000, 0x000000070e300000, 0x000000070e400000|  0%| F|  |TAMS 0x000000070e300000, 0x000000070e300000| Untracked 
| 196|0x000000070e400000, 0x000000070e400000, 0x000000070e500000|  0%| F|  |TAMS 0x000000070e400000, 0x000000070e400000| Untracked 
| 197|0x000000070e500000, 0x000000070e500000, 0x000000070e600000|  0%| F|  |TAMS 0x000000070e500000, 0x000000070e500000| Untracked 
| 198|0x000000070e600000, 0x000000070e600000, 0x000000070e700000|  0%| F|  |TAMS 0x000000070e600000, 0x000000070e600000| Untracked 
| 199|0x000000070e700000, 0x000000070e700000, 0x000000070e800000|  0%| F|  |TAMS 0x000000070e700000, 0x000000070e700000| Untracked 
| 200|0x000000070e800000, 0x000000070e800000, 0x000000070e900000|  0%| F|  |TAMS 0x000000070e800000, 0x000000070e800000| Untracked 
| 201|0x000000070e900000, 0x000000070e900000, 0x000000070ea00000|  0%| F|  |TAMS 0x000000070e900000, 0x000000070e900000| Untracked 
| 202|0x000000070ea00000, 0x000000070ea00000, 0x000000070eb00000|  0%| F|  |TAMS 0x000000070ea00000, 0x000000070ea00000| Untracked 
| 203|0x000000070eb00000, 0x000000070eb00000, 0x000000070ec00000|  0%| F|  |TAMS 0x000000070eb00000, 0x000000070eb00000| Untracked 
| 204|0x000000070ec00000, 0x000000070ec00000, 0x000000070ed00000|  0%| F|  |TAMS 0x000000070ec00000, 0x000000070ec00000| Untracked 
| 205|0x000000070ed00000, 0x000000070ed00000, 0x000000070ee00000|  0%| F|  |TAMS 0x000000070ed00000, 0x000000070ed00000| Untracked 
| 206|0x000000070ee00000, 0x000000070ee00000, 0x000000070ef00000|  0%| F|  |TAMS 0x000000070ee00000, 0x000000070ee00000| Untracked 
| 207|0x000000070ef00000, 0x000000070ef00000, 0x000000070f000000|  0%| F|  |TAMS 0x000000070ef00000, 0x000000070ef00000| Untracked 
| 208|0x000000070f000000, 0x000000070f000000, 0x000000070f100000|  0%| F|  |TAMS 0x000000070f000000, 0x000000070f000000| Untracked 
| 209|0x000000070f100000, 0x000000070f100000, 0x000000070f200000|  0%| F|  |TAMS 0x000000070f100000, 0x000000070f100000| Untracked 
| 210|0x000000070f200000, 0x000000070f200000, 0x000000070f300000|  0%| F|  |TAMS 0x000000070f200000, 0x000000070f200000| Untracked 
| 211|0x000000070f300000, 0x000000070f300000, 0x000000070f400000|  0%| F|  |TAMS 0x000000070f300000, 0x000000070f300000| Untracked 
| 212|0x000000070f400000, 0x000000070f400000, 0x000000070f500000|  0%| F|  |TAMS 0x000000070f400000, 0x000000070f400000| Untracked 
| 213|0x000000070f500000, 0x000000070f500000, 0x000000070f600000|  0%| F|  |TAMS 0x000000070f500000, 0x000000070f500000| Untracked 
| 214|0x000000070f600000, 0x000000070f600000, 0x000000070f700000|  0%| F|  |TAMS 0x000000070f600000, 0x000000070f600000| Untracked 
| 215|0x000000070f700000, 0x000000070f700000, 0x000000070f800000|  0%| F|  |TAMS 0x000000070f700000, 0x000000070f700000| Untracked 
| 216|0x000000070f800000, 0x000000070f800000, 0x000000070f900000|  0%| F|  |TAMS 0x000000070f800000, 0x000000070f800000| Untracked 
| 217|0x000000070f900000, 0x000000070f900000, 0x000000070fa00000|  0%| F|  |TAMS 0x000000070f900000, 0x000000070f900000| Untracked 
| 218|0x000000070fa00000, 0x000000070fa00000, 0x000000070fb00000|  0%| F|  |TAMS 0x000000070fa00000, 0x000000070fa00000| Untracked 
| 219|0x000000070fb00000, 0x000000070fb00000, 0x000000070fc00000|  0%| F|  |TAMS 0x000000070fb00000, 0x000000070fb00000| Untracked 
| 220|0x000000070fc00000, 0x000000070fc00000, 0x000000070fd00000|  0%| F|  |TAMS 0x000000070fc00000, 0x000000070fc00000| Untracked 
| 221|0x000000070fd00000, 0x000000070fd00000, 0x000000070fe00000|  0%| F|  |TAMS 0x000000070fd00000, 0x000000070fd00000| Untracked 
| 222|0x000000070fe00000, 0x000000070fe00000, 0x000000070ff00000|  0%| F|  |TAMS 0x000000070fe00000, 0x000000070fe00000| Untracked 
| 223|0x000000070ff00000, 0x000000070ff00000, 0x0000000710000000|  0%| F|  |TAMS 0x000000070ff00000, 0x000000070ff00000| Untracked 
| 224|0x0000000710000000, 0x0000000710000000, 0x0000000710100000|  0%| F|  |TAMS 0x0000000710000000, 0x0000000710000000| Untracked 
| 225|0x0000000710100000, 0x0000000710100000, 0x0000000710200000|  0%| F|  |TAMS 0x0000000710100000, 0x0000000710100000| Untracked 
| 226|0x0000000710200000, 0x0000000710200000, 0x0000000710300000|  0%| F|  |TAMS 0x0000000710200000, 0x0000000710200000| Untracked 
| 227|0x0000000710300000, 0x0000000710300000, 0x0000000710400000|  0%| F|  |TAMS 0x0000000710300000, 0x0000000710300000| Untracked 
| 228|0x0000000710400000, 0x0000000710400000, 0x0000000710500000|  0%| F|  |TAMS 0x0000000710400000, 0x0000000710400000| Untracked 
| 229|0x0000000710500000, 0x0000000710500000, 0x0000000710600000|  0%| F|  |TAMS 0x0000000710500000, 0x0000000710500000| Untracked 
| 230|0x0000000710600000, 0x0000000710600000, 0x0000000710700000|  0%| F|  |TAMS 0x0000000710600000, 0x0000000710600000| Untracked 
| 231|0x0000000710700000, 0x0000000710700000, 0x0000000710800000|  0%| F|  |TAMS 0x0000000710700000, 0x0000000710700000| Untracked 
| 232|0x0000000710800000, 0x0000000710800000, 0x0000000710900000|  0%| F|  |TAMS 0x0000000710800000, 0x0000000710800000| Untracked 
| 233|0x0000000710900000, 0x0000000710900000, 0x0000000710a00000|  0%| F|  |TAMS 0x0000000710900000, 0x0000000710900000| Untracked 
| 234|0x0000000710a00000, 0x0000000710a00000, 0x0000000710b00000|  0%| F|  |TAMS 0x0000000710a00000, 0x0000000710a00000| Untracked 
| 235|0x0000000710b00000, 0x0000000710b00000, 0x0000000710c00000|  0%| F|  |TAMS 0x0000000710b00000, 0x0000000710b00000| Untracked 
| 236|0x0000000710c00000, 0x0000000710c00000, 0x0000000710d00000|  0%| F|  |TAMS 0x0000000710c00000, 0x0000000710c00000| Untracked 
| 237|0x0000000710d00000, 0x0000000710d00000, 0x0000000710e00000|  0%| F|  |TAMS 0x0000000710d00000, 0x0000000710d00000| Untracked 
| 238|0x0000000710e00000, 0x0000000710e00000, 0x0000000710f00000|  0%| F|  |TAMS 0x0000000710e00000, 0x0000000710e00000| Untracked 
| 239|0x0000000710f00000, 0x0000000710f00000, 0x0000000711000000|  0%| F|  |TAMS 0x0000000710f00000, 0x0000000710f00000| Untracked 
| 240|0x0000000711000000, 0x0000000711000000, 0x0000000711100000|  0%| F|  |TAMS 0x0000000711000000, 0x0000000711000000| Untracked 
| 241|0x0000000711100000, 0x0000000711100000, 0x0000000711200000|  0%| F|  |TAMS 0x0000000711100000, 0x0000000711100000| Untracked 
| 242|0x0000000711200000, 0x0000000711200000, 0x0000000711300000|  0%| F|  |TAMS 0x0000000711200000, 0x0000000711200000| Untracked 
| 243|0x0000000711300000, 0x0000000711300000, 0x0000000711400000|  0%| F|  |TAMS 0x0000000711300000, 0x0000000711300000| Untracked 
| 244|0x0000000711400000, 0x0000000711400000, 0x0000000711500000|  0%| F|  |TAMS 0x0000000711400000, 0x0000000711400000| Untracked 
| 245|0x0000000711500000, 0x0000000711500000, 0x0000000711600000|  0%| F|  |TAMS 0x0000000711500000, 0x0000000711500000| Untracked 
| 246|0x0000000711600000, 0x0000000711600000, 0x0000000711700000|  0%| F|  |TAMS 0x0000000711600000, 0x0000000711600000| Untracked 
| 247|0x0000000711700000, 0x0000000711700000, 0x0000000711800000|  0%| F|  |TAMS 0x0000000711700000, 0x0000000711700000| Untracked 
| 248|0x0000000711800000, 0x0000000711800000, 0x0000000711900000|  0%| F|  |TAMS 0x0000000711800000, 0x0000000711800000| Untracked 
| 249|0x0000000711900000, 0x0000000711900000, 0x0000000711a00000|  0%| F|  |TAMS 0x0000000711900000, 0x0000000711900000| Untracked 
| 250|0x0000000711a00000, 0x0000000711a00000, 0x0000000711b00000|  0%| F|  |TAMS 0x0000000711a00000, 0x0000000711a00000| Untracked 
| 251|0x0000000711b00000, 0x0000000711b00000, 0x0000000711c00000|  0%| F|  |TAMS 0x0000000711b00000, 0x0000000711b00000| Untracked 
| 252|0x0000000711c00000, 0x0000000711c00000, 0x0000000711d00000|  0%| F|  |TAMS 0x0000000711c00000, 0x0000000711c00000| Untracked 
| 253|0x0000000711d00000, 0x0000000711d00000, 0x0000000711e00000|  0%| F|  |TAMS 0x0000000711d00000, 0x0000000711d00000| Untracked 
| 254|0x0000000711e00000, 0x0000000711e00000, 0x0000000711f00000|  0%| F|  |TAMS 0x0000000711e00000, 0x0000000711e00000| Untracked 
| 255|0x0000000711f00000, 0x0000000711f00000, 0x0000000712000000|  0%| F|  |TAMS 0x0000000711f00000, 0x0000000711f00000| Untracked 
| 256|0x0000000712000000, 0x0000000712000000, 0x0000000712100000|  0%| F|  |TAMS 0x0000000712000000, 0x0000000712000000| Untracked 
| 257|0x0000000712100000, 0x0000000712100000, 0x0000000712200000|  0%| F|  |TAMS 0x0000000712100000, 0x0000000712100000| Untracked 
| 258|0x0000000712200000, 0x0000000712200000, 0x0000000712300000|  0%| F|  |TAMS 0x0000000712200000, 0x0000000712200000| Untracked 
| 259|0x0000000712300000, 0x0000000712300000, 0x0000000712400000|  0%| F|  |TAMS 0x0000000712300000, 0x0000000712300000| Untracked 
| 260|0x0000000712400000, 0x0000000712400000, 0x0000000712500000|  0%| F|  |TAMS 0x0000000712400000, 0x0000000712400000| Untracked 
| 261|0x0000000712500000, 0x0000000712500000, 0x0000000712600000|  0%| F|  |TAMS 0x0000000712500000, 0x0000000712500000| Untracked 
| 262|0x0000000712600000, 0x0000000712600000, 0x0000000712700000|  0%| F|  |TAMS 0x0000000712600000, 0x0000000712600000| Untracked 
| 263|0x0000000712700000, 0x0000000712700000, 0x0000000712800000|  0%| F|  |TAMS 0x0000000712700000, 0x0000000712700000| Untracked 
| 264|0x0000000712800000, 0x0000000712800000, 0x0000000712900000|  0%| F|  |TAMS 0x0000000712800000, 0x0000000712800000| Untracked 
| 265|0x0000000712900000, 0x0000000712900000, 0x0000000712a00000|  0%| F|  |TAMS 0x0000000712900000, 0x0000000712900000| Untracked 
| 266|0x0000000712a00000, 0x0000000712a00000, 0x0000000712b00000|  0%| F|  |TAMS 0x0000000712a00000, 0x0000000712a00000| Untracked 
| 267|0x0000000712b00000, 0x0000000712b00000, 0x0000000712c00000|  0%| F|  |TAMS 0x0000000712b00000, 0x0000000712b00000| Untracked 
| 268|0x0000000712c00000, 0x0000000712c00000, 0x0000000712d00000|  0%| F|  |TAMS 0x0000000712c00000, 0x0000000712c00000| Untracked 
| 269|0x0000000712d00000, 0x0000000712d00000, 0x0000000712e00000|  0%| F|  |TAMS 0x0000000712d00000, 0x0000000712d00000| Untracked 
| 270|0x0000000712e00000, 0x0000000712e00000, 0x0000000712f00000|  0%| F|  |TAMS 0x0000000712e00000, 0x0000000712e00000| Untracked 
| 271|0x0000000712f00000, 0x0000000712f00000, 0x0000000713000000|  0%| F|  |TAMS 0x0000000712f00000, 0x0000000712f00000| Untracked 
| 272|0x0000000713000000, 0x0000000713000000, 0x0000000713100000|  0%| F|  |TAMS 0x0000000713000000, 0x0000000713000000| Untracked 
| 273|0x0000000713100000, 0x0000000713100000, 0x0000000713200000|  0%| F|  |TAMS 0x0000000713100000, 0x0000000713100000| Untracked 
| 274|0x0000000713200000, 0x0000000713200000, 0x0000000713300000|  0%| F|  |TAMS 0x0000000713200000, 0x0000000713200000| Untracked 
| 275|0x0000000713300000, 0x0000000713300000, 0x0000000713400000|  0%| F|  |TAMS 0x0000000713300000, 0x0000000713300000| Untracked 
| 276|0x0000000713400000, 0x0000000713400000, 0x0000000713500000|  0%| F|  |TAMS 0x0000000713400000, 0x0000000713400000| Untracked 
| 277|0x0000000713500000, 0x0000000713500000, 0x0000000713600000|  0%| F|  |TAMS 0x0000000713500000, 0x0000000713500000| Untracked 
| 278|0x0000000713600000, 0x0000000713600000, 0x0000000713700000|  0%| F|  |TAMS 0x0000000713600000, 0x0000000713600000| Untracked 
| 279|0x0000000713700000, 0x0000000713700000, 0x0000000713800000|  0%| F|  |TAMS 0x0000000713700000, 0x0000000713700000| Untracked 
| 280|0x0000000713800000, 0x0000000713800000, 0x0000000713900000|  0%| F|  |TAMS 0x0000000713800000, 0x0000000713800000| Untracked 
| 281|0x0000000713900000, 0x0000000713900000, 0x0000000713a00000|  0%| F|  |TAMS 0x0000000713900000, 0x0000000713900000| Untracked 
| 282|0x0000000713a00000, 0x0000000713a00000, 0x0000000713b00000|  0%| F|  |TAMS 0x0000000713a00000, 0x0000000713a00000| Untracked 
| 283|0x0000000713b00000, 0x0000000713b00000, 0x0000000713c00000|  0%| F|  |TAMS 0x0000000713b00000, 0x0000000713b00000| Untracked 
| 284|0x0000000713c00000, 0x0000000713c00000, 0x0000000713d00000|  0%| F|  |TAMS 0x0000000713c00000, 0x0000000713c00000| Untracked 
| 285|0x0000000713d00000, 0x0000000713d00000, 0x0000000713e00000|  0%| F|  |TAMS 0x0000000713d00000, 0x0000000713d00000| Untracked 
| 286|0x0000000713e00000, 0x0000000713e00000, 0x0000000713f00000|  0%| F|  |TAMS 0x0000000713e00000, 0x0000000713e00000| Untracked 
| 287|0x0000000713f00000, 0x0000000713f00000, 0x0000000714000000|  0%| F|  |TAMS 0x0000000713f00000, 0x0000000713f00000| Untracked 
| 288|0x0000000714000000, 0x0000000714000000, 0x0000000714100000|  0%| F|  |TAMS 0x0000000714000000, 0x0000000714000000| Untracked 
| 289|0x0000000714100000, 0x0000000714100000, 0x0000000714200000|  0%| F|  |TAMS 0x0000000714100000, 0x0000000714100000| Untracked 
| 290|0x0000000714200000, 0x0000000714200000, 0x0000000714300000|  0%| F|  |TAMS 0x0000000714200000, 0x0000000714200000| Untracked 
| 291|0x0000000714300000, 0x0000000714300000, 0x0000000714400000|  0%| F|  |TAMS 0x0000000714300000, 0x0000000714300000| Untracked 
| 292|0x0000000714400000, 0x0000000714400000, 0x0000000714500000|  0%| F|  |TAMS 0x0000000714400000, 0x0000000714400000| Untracked 
| 293|0x0000000714500000, 0x0000000714500000, 0x0000000714600000|  0%| F|  |TAMS 0x0000000714500000, 0x0000000714500000| Untracked 
| 294|0x0000000714600000, 0x0000000714600000, 0x0000000714700000|  0%| F|  |TAMS 0x0000000714600000, 0x0000000714600000| Untracked 
| 295|0x0000000714700000, 0x0000000714700000, 0x0000000714800000|  0%| F|  |TAMS 0x0000000714700000, 0x0000000714700000| Untracked 
| 296|0x0000000714800000, 0x0000000714800000, 0x0000000714900000|  0%| F|  |TAMS 0x0000000714800000, 0x0000000714800000| Untracked 
| 297|0x0000000714900000, 0x0000000714900000, 0x0000000714a00000|  0%| F|  |TAMS 0x0000000714900000, 0x0000000714900000| Untracked 
| 298|0x0000000714a00000, 0x0000000714a00000, 0x0000000714b00000|  0%| F|  |TAMS 0x0000000714a00000, 0x0000000714a00000| Untracked 
| 299|0x0000000714b00000, 0x0000000714b00000, 0x0000000714c00000|  0%| F|  |TAMS 0x0000000714b00000, 0x0000000714b00000| Untracked 
| 300|0x0000000714c00000, 0x0000000714c00000, 0x0000000714d00000|  0%| F|  |TAMS 0x0000000714c00000, 0x0000000714c00000| Untracked 
| 301|0x0000000714d00000, 0x0000000714d00000, 0x0000000714e00000|  0%| F|  |TAMS 0x0000000714d00000, 0x0000000714d00000| Untracked 
| 302|0x0000000714e00000, 0x0000000714e00000, 0x0000000714f00000|  0%| F|  |TAMS 0x0000000714e00000, 0x0000000714e00000| Untracked 
| 303|0x0000000714f00000, 0x0000000714f00000, 0x0000000715000000|  0%| F|  |TAMS 0x0000000714f00000, 0x0000000714f00000| Untracked 
| 304|0x0000000715000000, 0x0000000715000000, 0x0000000715100000|  0%| F|  |TAMS 0x0000000715000000, 0x0000000715000000| Untracked 

Card table byte_map: [0x0000020260df0000,0x00000202615e0000] _byte_map_base: 0x000002025d5e0000

Marking Bits (Prev, Next): (CMBitMap*) 0x00000202474f7558, (CMBitMap*) 0x00000202474f7590
 Prev Bits: [0x0000020261dd0000, 0x0000020265d50000)
 Next Bits: [0x0000020265d50000, 0x0000020269cd0000)

Polling page: 0x00000202472e0000

Metaspace:

Usage:
  Non-class:     13.51 MB capacity,    13.32 MB ( 99%) used,   178.08 KB (  1%) free+waste,    19.75 KB ( <1%) overhead. 
      Class:      1.25 MB capacity,     1.19 MB ( 95%) used,    54.19 KB (  4%) free+waste,     7.13 KB ( <1%) overhead. 
       Both:     14.76 MB capacity,    14.51 MB ( 98%) used,   232.27 KB (  2%) free+waste,    26.88 KB ( <1%) overhead. 

Virtual space:
  Non-class space:       14.00 MB reserved,      13.75 MB ( 98%) committed 
      Class space:        1.00 GB reserved,       1.38 MB ( <1%) committed 
             Both:        1.01 GB reserved,      15.13 MB (  1%) committed 

Chunk freelists:
   Non-Class:  6.38 KB
       Class:  3.75 KB
        Both:  10.13 KB

CodeHeap 'non-profiled nmethods': size=120064Kb used=2397Kb max_used=2397Kb free=117666Kb
 bounds [0x0000020258aa0000, 0x0000020258d10000, 0x000002025ffe0000]
CodeHeap 'profiled nmethods': size=120000Kb used=7072Kb max_used=7072Kb free=112927Kb
 bounds [0x0000020251570000, 0x0000020251c60000, 0x0000020258aa0000]
CodeHeap 'non-nmethods': size=5696Kb used=1109Kb max_used=1178Kb free=4586Kb
 bounds [0x0000020250fe0000, 0x0000020251250000, 0x0000020251570000]
 total_blobs=4226 nmethods=2935 adapters=317
 compilation: enabled
              stopped_count=0, restarted_count=0
 full_count=0

Compilation events (10 events):
Event: 20.727 Thread 0x000002026cc2d800 3010 %     3       com.android.tools.build.jetifier.core.config.Config::<init> @ 174 (613 bytes)
Event: 20.732 Thread 0x000002026cc2d800 nmethod 3010% 0x0000020251c4a710 code [0x0000020251c4afc0, 0x0000020251c503d0]
Event: 20.732 Thread 0x000002026cc2d800 3011 %     3       com.android.tools.build.jetifier.processor.Processor::<init> @ 75 (408 bytes)
Event: 20.807 Thread 0x000002026cc2d800 nmethod 3011% 0x0000020251c52090 code [0x0000020251c527e0, 0x0000020251c56ba0]
Event: 20.814 Thread 0x000002026cc2a000 nmethod 2888 0x0000020258cc4690 code [0x0000020258cc4ee0, 0x0000020258cd3750]
Event: 20.815 Thread 0x000002026cc2a000 2893       4       org.objectweb.asm.ClassReader::readFrame (500 bytes)
Event: 20.845 Thread 0x000002026d468000 nmethod 2882 0x0000020258cdb990 code [0x0000020258cdc320, 0x0000020258ce8858]
Event: 20.846 Thread 0x000002026d468000 2925       4       org.objectweb.asm.commons.Remapper::mapDesc (131 bytes)
Event: 21.029 Thread 0x000002026cc2a000 nmethod 2893 0x0000020258cef090 code [0x0000020258cef500, 0x0000020258cf5180]
Event: 21.030 Thread 0x000002026cc2a000 3009       4       java.util.HashMap::getNode (148 bytes)

GC Heap History (10 events):
Event: 19.669 GC heap after
{Heap after GC invocations=16 (full 0):
 garbage-first heap   total 260096K, used 76693K [0x0000000702000000, 0x0000000800000000)
  region size 1024K, 11 young (11264K), 11 survivors (11264K)
 Metaspace       used 14788K, capacity 14991K, committed 15232K, reserved 1062912K
  class space    used 1220K, capacity 1282K, committed 1408K, reserved 1048576K
}
Event: 19.811 GC heap before
{Heap before GC invocations=16 (full 0):
 garbage-first heap   total 260096K, used 211861K [0x0000000702000000, 0x0000000800000000)
  region size 1024K, 142 young (145408K), 11 survivors (11264K)
 Metaspace       used 14792K, capacity 14991K, committed 15232K, reserved 1062912K
  class space    used 1220K, capacity 1282K, committed 1408K, reserved 1048576K
}
Event: 19.821 GC heap after
{Heap after GC invocations=17 (full 0):
 garbage-first heap   total 312320K, used 81542K [0x0000000702000000, 0x0000000800000000)
  region size 1024K, 13 young (13312K), 13 survivors (13312K)
 Metaspace       used 14792K, capacity 14991K, committed 15232K, reserved 1062912K
  class space    used 1220K, capacity 1282K, committed 1408K, reserved 1048576K
}
Event: 20.177 GC heap before
{Heap before GC invocations=17 (full 0):
 garbage-first heap   total 312320K, used 263814K [0x0000000702000000, 0x0000000800000000)
  region size 1024K, 180 young (184320K), 13 survivors (13312K)
 Metaspace       used 14803K, capacity 14991K, committed 15232K, reserved 1062912K
  class space    used 1220K, capacity 1282K, committed 1408K, reserved 1048576K
}
Event: 20.186 GC heap after
{Heap after GC invocations=18 (full 0):
 garbage-first heap   total 312320K, used 84610K [0x0000000702000000, 0x0000000800000000)
  region size 1024K, 13 young (13312K), 13 survivors (13312K)
 Metaspace       used 14803K, capacity 14991K, committed 15232K, reserved 1062912K
  class space    used 1220K, capacity 1282K, committed 1408K, reserved 1048576K
}
Event: 20.423 GC heap before
{Heap before GC invocations=18 (full 0):
 garbage-first heap   total 312320K, used 261762K [0x0000000702000000, 0x0000000800000000)
  region size 1024K, 171 young (175104K), 13 survivors (13312K)
 Metaspace       used 14832K, capacity 15119K, committed 15488K, reserved 1062912K
  class space    used 1220K, capacity 1282K, committed 1408K, reserved 1048576K
}
Event: 20.432 GC heap after
{Heap after GC invocations=19 (full 0):
 garbage-first heap   total 312320K, used 88948K [0x0000000702000000, 0x0000000800000000)
  region size 1024K, 15 young (15360K), 15 survivors (15360K)
 Metaspace       used 14832K, capacity 15119K, committed 15488K, reserved 1062912K
  class space    used 1220K, capacity 1282K, committed 1408K, reserved 1048576K
}
Event: 20.794 GC heap before
{Heap before GC invocations=19 (full 0):
 garbage-first heap   total 312320K, used 265076K [0x0000000702000000, 0x0000000800000000)
  region size 1024K, 177 young (181248K), 15 survivors (15360K)
 Metaspace       used 14859K, capacity 15119K, committed 15488K, reserved 1062912K
  class space    used 1220K, capacity 1282K, committed 1408K, reserved 1048576K
}
Event: 20.803 GC heap after
{Heap after GC invocations=20 (full 0):
 garbage-first heap   total 312320K, used 92736K [0x0000000702000000, 0x0000000800000000)
  region size 1024K, 12 young (12288K), 12 survivors (12288K)
 Metaspace       used 14859K, capacity 15119K, committed 15488K, reserved 1062912K
  class space    used 1220K, capacity 1282K, committed 1408K, reserved 1048576K
}
Event: 21.040 GC heap before
{Heap before GC invocations=20 (full 0):
 garbage-first heap   total 312320K, used 253504K [0x0000000702000000, 0x0000000800000000)
  region size 1024K, 162 young (165888K), 12 survivors (12288K)
 Metaspace       used 14859K, capacity 15119K, committed 15488K, reserved 1062912K
  class space    used 1220K, capacity 1282K, committed 1408K, reserved 1048576K
}

Deoptimization events (10 events):
Event: 18.854 Thread 0x000002026d448800 Uncommon trap: reason=bimorphic_or_optimized_type_check action=maybe_recompile pc=0x0000020258c7684c method=java.util.regex.Pattern$Begin.match(Ljava/util/regex/Matcher;ILjava/lang/CharSequence;)Z @ 30 c2
Event: 18.854 Thread 0x000002026d448800 Uncommon trap: reason=bimorphic_or_optimized_type_check action=maybe_recompile pc=0x0000020258c7684c method=java.util.regex.Pattern$Begin.match(Ljava/util/regex/Matcher;ILjava/lang/CharSequence;)Z @ 30 c2
Event: 18.854 Thread 0x000002026d448800 Uncommon trap: reason=bimorphic_or_optimized_type_check action=maybe_recompile pc=0x0000020258c7684c method=java.util.regex.Pattern$Begin.match(Ljava/util/regex/Matcher;ILjava/lang/CharSequence;)Z @ 30 c2
Event: 18.854 Thread 0x000002026d448800 Uncommon trap: reason=bimorphic_or_optimized_type_check action=maybe_recompile pc=0x0000020258c7684c method=java.util.regex.Pattern$Begin.match(Ljava/util/regex/Matcher;ILjava/lang/CharSequence;)Z @ 30 c2
Event: 18.891 Thread 0x000002026d501800 Uncommon trap: reason=unstable_if action=reinterpret pc=0x0000020258c4ec34 method=com.android.tools.build.jetifier.core.TypeRewriter.rewriteType(Lcom/android/tools/build/jetifier/core/type/JavaType;)Lcom/android/tools/build/jetifier/core/type/JavaType; @ 
Event: 19.433 Thread 0x000002026d449800 Uncommon trap: reason=speculate_class_check action=maybe_recompile pc=0x0000020258cacf44 method=java.util.zip.InflaterInputStream.read([BII)I @ 100 c2
Event: 19.433 Thread 0x000002026d449800 Uncommon trap: reason=speculate_class_check action=maybe_recompile pc=0x0000020258cacf44 method=java.util.zip.InflaterInputStream.read([BII)I @ 100 c2
Event: 19.433 Thread 0x000002026d449800 Uncommon trap: reason=speculate_class_check action=maybe_recompile pc=0x0000020258cacf44 method=java.util.zip.InflaterInputStream.read([BII)I @ 100 c2
Event: 19.433 Thread 0x000002026d449800 Uncommon trap: reason=speculate_class_check action=maybe_recompile pc=0x0000020258cacf44 method=java.util.zip.InflaterInputStream.read([BII)I @ 100 c2
Event: 20.674 Thread 0x000002026d448800 Uncommon trap: reason=unstable_if action=reinterpret pc=0x0000020258b6ee9c method=com.sun.org.apache.xerces.internal.util.XMLStringBuffer.append([CII)V @ 11 c2

Classes redefined (0 events):
No events

Internal exceptions (7 events):
Event: 0.334 Thread 0x000002024746e800 Exception <a 'java/lang/NoSuchMethodError'{0x0000000711cddc08}: java.lang.invoke.DirectMethodHandle$Holder.invokeSpecialIFC(Ljava/lang/Object;Ljava/lang/Object;I)I> (0x0000000711cddc08) thrown at [t:/workspace/open/src/hotspot/share/interpreter/linkResolv
Event: 1.317 Thread 0x000002026d448800 Exception <a 'java/lang/NoSuchMethodError'{0x000000071137c770}: java.lang.invoke.DirectMethodHandle$Holder.invokeStatic(Ljava/lang/Object;Ljava/lang/Object;Ljava/lang/Object;Ljava/lang/Object;Ljava/lang/Object;Ljava/lang/Object;Ljava/lang/Object;Ljava/lan
Event: 1.321 Thread 0x000002026d448800 Exception <a 'java/lang/NoSuchMethodError'{0x0000000711109e00}: java.lang.invoke.DirectMethodHandle$Holder.invokeStatic(Ljava/lang/Object;Ljava/lang/Object;Ljava/lang/Object;Ljava/lang/Object;Ljava/lang/Object;Ljava/lang/Object;Ljava/lang/Object;Ljava/lan
Event: 1.325 Thread 0x000002026d448800 Exception <a 'java/lang/NoSuchMethodError'{0x0000000711118f70}: java.lang.invoke.DirectMethodHandle$Holder.invokeSpecial(Ljava/lang/Object;Ljava/lang/Object;IILjava/lang/Object;Ljava/lang/Object;Ljava/lang/Object;)Ljava/lang/Object;> (0x0000000711118f70) 
Event: 1.325 Thread 0x000002026d448800 Exception <a 'java/lang/NoSuchMethodError'{0x000000071111c4f8}: java.lang.invoke.DelegatingMethodHandle$Holder.reinvoke_L(Ljava/lang/Object;IILjava/lang/Object;Ljava/lang/Object;Ljava/lang/Object;)Ljava/lang/Object;> (0x000000071111c4f8) thrown at [t:/wor
Event: 1.328 Thread 0x000002026d448800 Exception <a 'java/lang/NoSuchMethodError'{0x0000000711120978}: java.lang.invoke.DirectMethodHandle$Holder.invokeStatic(Ljava/lang/Object;Ljava/lang/Object;Ljava/lang/Object;Ljava/lang/Object;I)Ljava/lang/Object;> (0x0000000711120978) thrown at [t:/worksp
Event: 18.076 Thread 0x000002026d449800 Implicit null exception at 0x0000020258ba9090 to 0x0000020258ba9230

Events (10 events):
Event: 20.544 Thread 0x000002026d448000 DEOPT PACKING pc=0x0000020251b57d46 sp=0x0000003512dfeab0
Event: 20.544 Thread 0x000002026d448000 DEOPT UNPACKING pc=0x0000020251008fce sp=0x0000003512dfdf30 mode 0
Event: 20.674 Thread 0x000002026d448800 Uncommon trap: trap_request=0xffffff4d fr.pc=0x0000020258b6ee9c relative=0x00000000000000fc
Event: 20.674 Thread 0x000002026d448800 DEOPT PACKING pc=0x0000020258b6ee9c sp=0x0000003512efe2f0
Event: 20.674 Thread 0x000002026d448800 DEOPT UNPACKING pc=0x00000202510091af sp=0x0000003512efe2a8 mode 2
Event: 20.711 Executing VM operation: G1CollectForAllocation
Event: 20.716 Executing VM operation: G1CollectForAllocation done
Event: 20.733 Executing VM operation: G1CollectForAllocation
Event: 20.803 Executing VM operation: G1CollectForAllocation done
Event: 21.031 Executing VM operation: G1CollectForAllocation


Dynamic libraries:
0x00007ff7cdd20000 - 0x00007ff7cdd67000 	C:\Program Files\Java\jdk-11.0.1\bin\java.exe
0x00007ff8ccda0000 - 0x00007ff8ccf90000 	C:\Windows\SYSTEM32\ntdll.dll
0x00007ff8cb8a0000 - 0x00007ff8cb952000 	C:\Windows\System32\KERNEL32.DLL
0x00007ff8c9f80000 - 0x00007ff8ca223000 	C:\Windows\System32\KERNELBASE.dll
0x00007ff8cc7a0000 - 0x00007ff8cc843000 	C:\Windows\System32\ADVAPI32.dll
0x00007ff8cba20000 - 0x00007ff8cbabe000 	C:\Windows\System32\msvcrt.dll
0x00007ff8cc700000 - 0x00007ff8cc797000 	C:\Windows\System32\sechost.dll
0x00007ff8cbac0000 - 0x00007ff8cbbe0000 	C:\Windows\System32\RPCRT4.dll
0x00007ff8cb690000 - 0x00007ff8cb824000 	C:\Windows\System32\USER32.dll
0x00007ff8cae20000 - 0x00007ff8cae41000 	C:\Windows\System32\win32u.dll
0x00007ff8cc600000 - 0x00007ff8cc626000 	C:\Windows\System32\GDI32.dll
0x00007ff8c9de0000 - 0x00007ff8c9f74000 	C:\Windows\System32\gdi32full.dll
0x00007ff8ca230000 - 0x00007ff8ca2ce000 	C:\Windows\System32\msvcp_win.dll
0x00007ff8ca480000 - 0x00007ff8ca57a000 	C:\Windows\System32\ucrtbase.dll
0x00007ff8b77f0000 - 0x00007ff8b7a75000 	C:\Windows\WinSxS\amd64_microsoft.windows.common-controls_6595b64144ccf1df_6.0.18362.592_none_e6c0b1911312be02\COMCTL32.dll
0x00007ff8c7bc0000 - 0x00007ff8c7bca000 	C:\Windows\SYSTEM32\VERSION.dll
0x00007ff8cca20000 - 0x00007ff8ccd56000 	C:\Windows\System32\combase.dll
0x00007ff8c9d30000 - 0x00007ff8c9db0000 	C:\Windows\System32\bcryptPrimitives.dll
0x00007ff8cbbe0000 - 0x00007ff8cbc0e000 	C:\Windows\System32\IMM32.DLL
0x00007ff89c010000 - 0x00007ff89c026000 	C:\Program Files\Java\jdk-11.0.1\bin\vcruntime140.dll
0x00007ff8735f0000 - 0x00007ff87369a000 	C:\Program Files\Java\jdk-11.0.1\bin\msvcp140.dll
0x00007ff854ec0000 - 0x00007ff855a02000 	C:\Program Files\Java\jdk-11.0.1\bin\server\jvm.dll
0x00007ff8cc520000 - 0x00007ff8cc528000 	C:\Windows\System32\PSAPI.DLL
0x00007ff8b35d0000 - 0x00007ff8b35d9000 	C:\Windows\SYSTEM32\WSOCK32.dll
0x00007ff8cbd50000 - 0x00007ff8cbdbf000 	C:\Windows\System32\WS2_32.dll
0x00007ff8c7640000 - 0x00007ff8c7664000 	C:\Windows\SYSTEM32\WINMM.dll
0x00007ff8c7610000 - 0x00007ff8c763d000 	C:\Windows\SYSTEM32\WINMMBASE.dll
0x00007ff8cadb0000 - 0x00007ff8cadfa000 	C:\Windows\System32\cfgmgr32.dll
0x00007ff8c9ca0000 - 0x00007ff8c9cb1000 	C:\Windows\System32\kernel.appcore.dll
0x00007ff895610000 - 0x00007ff895621000 	C:\Program Files\Java\jdk-11.0.1\bin\verify.dll
0x00007ff8c8540000 - 0x00007ff8c8734000 	C:\Windows\SYSTEM32\DBGHELP.DLL
0x00007ff8a5940000 - 0x00007ff8a596a000 	C:\Windows\SYSTEM32\dbgcore.DLL
0x00007ff887920000 - 0x00007ff887949000 	C:\Program Files\Java\jdk-11.0.1\bin\java.dll
0x00007ff8948e0000 - 0x00007ff8948f6000 	C:\Program Files\Java\jdk-11.0.1\bin\zip.dll
0x00007ff8a8a70000 - 0x00007ff8a8a7a000 	C:\Program Files\Java\jdk-11.0.1\bin\jimage.dll
0x00007ff8cbe30000 - 0x00007ff8cc515000 	C:\Windows\System32\SHELL32.dll
0x00007ff8cb970000 - 0x00007ff8cba19000 	C:\Windows\System32\shcore.dll
0x00007ff8ca580000 - 0x00007ff8cacff000 	C:\Windows\System32\windows.storage.dll
0x00007ff8c9d10000 - 0x00007ff8c9d2f000 	C:\Windows\System32\profapi.dll
0x00007ff8c9cc0000 - 0x00007ff8c9d0a000 	C:\Windows\System32\powrprof.dll
0x00007ff8c9c70000 - 0x00007ff8c9c80000 	C:\Windows\System32\UMPDC.dll
0x00007ff8cbdc0000 - 0x00007ff8cbe12000 	C:\Windows\System32\shlwapi.dll
0x00007ff8cae00000 - 0x00007ff8cae17000 	C:\Windows\System32\cryptsp.dll
0x00007ff894770000 - 0x00007ff894789000 	C:\Program Files\Java\jdk-11.0.1\bin\net.dll
0x00007ff8c1b40000 - 0x00007ff8c1c30000 	C:\Windows\SYSTEM32\WINHTTP.dll
0x00007ff8c9480000 - 0x00007ff8c94e7000 	C:\Windows\system32\mswsock.dll
0x00007ff8925c0000 - 0x00007ff8925d3000 	C:\Program Files\Java\jdk-11.0.1\bin\nio.dll

dbghelp: loaded successfully - version: 4.0.5 - missing functions: none
symbol engine: initialized successfully - sym options: 0x614 - pdb path: .;C:\Program Files\Java\jdk-11.0.1\bin;C:\Windows\SYSTEM32;C:\Windows\WinSxS\amd64_microsoft.windows.common-controls_6595b64144ccf1df_6.0.18362.592_none_e6c0b1911312be02;C:\Program Files\Java\jdk-11.0.1\bin\server

VM Arguments:
java_command: com.xamarin.androidx.jetifierWrapper.Main -intermediate obj\Debug\120\androidx\_AndroidXJetifyEmbeddedFiles.jetify -parallel
java_class_path (initial): C:\Program Files (x86)\Microsoft\Xamarin\NuGet\xamarin.androidx.migration\1.0.8\buildTransitive\monoandroid90\Tools/JetifierWrapper/jetifierWrapper-1.0.jar
Launcher Type: SUN_STANDARD

[Global flags]
     intx CICompilerCount                          = 3                                         {product} {ergonomic}
     uint ConcGCThreads                            = 1                                         {product} {ergonomic}
     uint G1ConcRefinementThreads                  = 4                                         {product} {ergonomic}
   size_t G1HeapRegionSize                         = 1048576                                   {product} {ergonomic}
    uintx GCDrainStackTargetSize                   = 64                                        {product} {ergonomic}
   size_t InitialHeapSize                          = 266338304                                 {product} {ergonomic}
   size_t MarkStackSize                            = 4194304                                   {product} {ergonomic}
   size_t MaxHeapSize                              = 4261412864                                {product} {ergonomic}
   size_t MaxNewSize                               = 2556428288                                {product} {ergonomic}
   size_t MinHeapDeltaBytes                        = 1048576                                   {product} {ergonomic}
    uintx NonNMethodCodeHeapSize                   = 5830092                                {pd product} {ergonomic}
    uintx NonProfiledCodeHeapSize                  = 122914074                              {pd product} {ergonomic}
    uintx ProfiledCodeHeapSize                     = 122914074                              {pd product} {ergonomic}
    uintx ReservedCodeCacheSize                    = 251658240                              {pd product} {ergonomic}
     bool SegmentedCodeCache                       = true                                      {product} {ergonomic}
     bool UseCompressedClassPointers               = true                                 {lp64_product} {ergonomic}
     bool UseCompressedOops                        = true                                 {lp64_product} {ergonomic}
     bool UseG1GC                                  = true                                      {product} {ergonomic}
     bool UseLargePagesIndividualAllocation        = false                                  {pd product} {ergonomic}

Logging:
Log output configuration:
 #0: stdout all=warning uptime,level,tags
 #1: stderr all=off uptime,level,tags

Environment Variables:
PATH=C:\Program Files\Java\jdk-11.0.1\bin;C:\Program Files\Eclipse Foundation\jdk-8.0.302.8-hotspot\bin;C:\Program Files\Common Files\Oracle\Java\javapath;C:\Program Files\AdoptOpenJDK\jdk-11.0.9.101-hotspot\bin;C:\Program Files (x86)\Common Files\Oracle\Java\javapath;C:\Program Files\Microsoft MPI\Bin\;C:\Windows\system32;C:\Windows;C:\Windows\System32\Wbem;C:\Windows\System32\WindowsPowerShell\v1.0\;C:\Windows\System32\OpenSSH\;C:\Program Files (x86)\Microsoft SQL Server\140\Tools\Binn\;C:\Program Files\Microsoft SQL Server\140\Tools\Binn\;C:\Program Files (x86)\Microsoft SQL Server\140\DTS\Binn\;C:\Program Files\Microsoft SQL Server\140\DTS\Binn\;C:\Program Files\Microsoft SQL Server\Client SDK\ODBC\130\Tools\Binn\;C:\Program Files (x86)\Dev-Cpp;C:\Program Files\Microsoft SQL Server\Client SDK\ODBC\170\Tools\Binn\;C:\Program Files\Microsoft SQL Server\130\Tools\Binn\;C:\Program Files (x86)\Microsoft SQL Server\150\Tools\Binn\;C:\Program Files\Microsoft SQL Server\150\Tools\Binn\;C:\Program Files\Microsoft SQL Server\150\DTS\Binn\;C:\Program Files (x86)\Microsoft SQL Server\150\DTS\Binn\;C:\Program Files\Azure Data Studio\bin;C:\Program Files\Git\cmd;C:\Program Files\dotnet\;C:\Program Files (x86)\Android\android-sdk\platform-tools;C:\Program Files\Cloudflare\Cloudflare WARP\;C:\Users\admin\AppData\Local\Microsoft\WindowsApps;D:\PyCharm Community Edition 2020.2.3\bin;;C:\Users\admin\.dotnet\tools;C:\Program Files\MongoDB\Server\4.4\bin;C:\Program Files\Azure Data Studio\bin;C:\Program Files\Java\jre1.8.0_321\bin;C:\Program Files\Java\jdk1.8.0_321\bin;C:\Users\admin\Documents\flutter\bin;C:\Program Files (x86)\Android\android-sdk\platform-tools;
USERNAME=admin
OS=Windows_NT
PROCESSOR_IDENTIFIER=Intel64 Family 6 Model 142 Stepping 9, GenuineIntel



---------------  S Y S T E M  ---------------

OS: Windows 10 , 64 bit Build 18362 (10.0.18362.329)

CPU:total 4 (initial active 4) (2 cores per cpu, 2 threads per core) family 6 model 142 stepping 9, cmov, cx8, fxsr, mmx, sse, sse2, sse3, ssse3, sse4.1, sse4.2, popcnt, avx, avx2, aes, clmul, erms, 3dnowpref, lzcnt, ht, tsc, tscinvbit, bmi1, bmi2, adx, fma

Memory: 4k page, system-wide physical 16249M (3403M free)
TotalPageFile size 18983M (AvailPageFile size 87M)
current process WorkingSet (physical memory assigned to process): 428M, peak: 436M
current process commit charge ("private bytes"): 467M, peak: 553M

vm_info: Java HotSpot(TM) 64-Bit Server VM (11.0.1+13-LTS) for windows-amd64 JRE (11.0.1+13-LTS), built on Oct  6 2018 13:20:16 by "mach5one" with MS VC++ 15.5 (VS2017)

END.
